<?xml version="1.0" encoding="UTF-8"?>
<!-- Generated by org.testng.reporters.JUnitXMLReporter -->
<testsuite ignored="0" hostname="Maheeps-MacBook-Air.local" failures="0" tests="4" name="Test for OrderSubmit" time="30.558" errors="0" timestamp="2025-06-03T15:56:51 IST">
  <testcase classname="practise.Framework.StandAloneTest" name="submitOrder" time="5.071"/>
  <testcase classname="practise.Framework.StandAloneTest" name="submitOrder" time="4.869"/>
  <testcase classname="practise.Framework.StandAloneTest" name="order_info" time="0.773"/>
  <testcase classname="practise.Framework.StandAloneTest" name="order_info" time="0.454"/>
</testsuite> <!-- Test for OrderSubmit -->
