<?xml version="1.0" encoding="UTF-8"?>
<!-- Generated by org.testng.reporters.JUnitXMLReporter -->
<testsuite ignored="0" hostname="Maheeps-MacBook-Air.local" failures="0" tests="2" name="Test for ErrorValidation" time="16.039" errors="0" timestamp="2025-06-03T15:56:37 IST">
  <testcase classname="practise.Framework.ErrorValidations" name="aerrorValidation" time="1.048"/>
  <testcase classname="practise.Framework.ErrorValidations" name="directLogin" time="0.161"/>
</testsuite> <!-- Test for ErrorValidation -->
