<?xml version="1.0" encoding="UTF-8"?>
<!-- Generated by org.testng.reporters.JUnitXMLReporter -->
<testsuite ignored="0" hostname="Maheeps-MacBook-Air.local" failures="0" tests="2" name="Test for ErrorValidation" time="16.563" errors="0" timestamp="2025-06-02T10:27:16 IST">
  <testcase classname="practise.Framework.ErrorValidations" name="aerrorValidation" time="0.0">
    <skipped/>
  </testcase> <!-- aerrorValidation -->
  <testcase classname="practise.Framework.ErrorValidations" name="directLogin" time="0.0">
    <skipped/>
  </testcase> <!-- directLogin -->
</testsuite> <!-- Test for ErrorValidation -->
