<?xml version="1.0" encoding="UTF-8"?>
<!-- Generated by org.testng.reporters.JUnitXMLReporter -->
<testsuite ignored="0" hostname="Maheeps-MacBook-Air.local" failures="0" tests="7" name="Test" time="25.688" errors="0" timestamp="2025-05-31T15:54:48 IST">
  <testcase classname="practise.Framework.StandAloneTest2_HashMap" name="submitOrder" time="3.916"/>
  <testcase classname="practise.Framework.StandAloneTest2_HashMap" name="submitOrder" time="3.876"/>
  <testcase classname="practise.Framework.StandAloneTest2_HashMap" name="order_info" time="0.404"/>
  <testcase classname="practise.Framework.StandAloneTest2_HashMap" name="order_info" time="0.4"/>
  <testcase classname="practise.Framework.StandAloneTest2_HashMap" name="message" time="0.001"/>
  <testcase classname="practise.Framework.ErrorValidations" name="aerrorValidation" time="0.295"/>
  <testcase classname="practise.Framework.ErrorValidations" name="directLogin" time="0.175"/>
</testsuite> <!-- Test -->
