<?xml version="1.0" encoding="UTF-8"?>
<!-- Generated by org.testng.reporters.JUnitXMLReporter -->
<testsuite ignored="2" hostname="Maheeps-MacBook-Air.local" failures="0" tests="0" time="0.005" errors="0" timestamp="2025-05-31T12:29:56 IST">
  <testcase classname="practise.Framework.ErrorValidations" name="aerrorValidation" time="0.0">
    <ignored/>
  </testcase> <!-- aerrorValidation -->
  <testcase classname="practise.Framework.ErrorValidations" name="directLogin" time="0.0">
    <ignored/>
  </testcase> <!-- directLogin -->
</testsuite>
