<?xml version="1.0" encoding="UTF-8"?>
<testsuite xmlns:xsi="http://www.w3.org/2001/XMLSchema-instance" xsi:noNamespaceSchemaLocation="https://maven.apache.org/surefire/maven-surefire-plugin/xsd/surefire-test-report.xsd" version="3.0.2" name="TestSuite" time="30.881" tests="6" errors="0" skipped="0" failures="0">
  <properties>
[...]
</properties>
  <testcase name="aerrorValidation" classname="practise.Framework.ErrorValidations" time="0.968">
    <system-out><![CDATA[Let's Shop
Let's Shop
Incorrect email or password.
]]></system-out>
    <system-err><![CDATA[SLF4J(W): No SLF4J providers were found.
SLF4J(W): Defaulting to no-operation (NOP) logger implementation
SLF4J(W): See https://www.slf4j.org/codes.html#noProviders for further details.
Jun 03, 2025 3:56:32 PM org.openqa.selenium.devtools.CdpVersionFinder findNearestMatch
WARNING: Unable to find an exact match for CDP version 137, returning the closest version; found: 136; Please update to a Selenium version that supports CDP version 137
Jun 03, 2025 3:56:32 PM org.openqa.selenium.devtools.CdpVersionFinder findNearestMatch
WARNING: Unable to find an exact match for CDP version 137, returning the closest version; found: 136; Please update to a Selenium version that supports CDP version 137
]]></system-err>
  </testcase>
  <testcase name="directLogin" classname="practise.Framework.ErrorValidations" time="0.162">
    <system-out><![CDATA[*Password is required
]]></system-out>
    <system-err><![CDATA[Jun 03, 2025 3:56:35 PM org.openqa.selenium.devtools.CdpVersionFinder findNearestMatch
WARNING: Unable to find an exact match for CDP version 137, returning the closest version; found: 136; Please update to a Selenium version that supports CDP version 137
]]></system-err>
  </testcase>
  <testcase name="submitOrder[msd7@gmail.com, Qwerty@123, ZARA](1)" classname="practise.Framework.StandAloneTest" time="1.982">
    <system-out><![CDATA[1
683ecdde81a20695305c7fb1
]]></system-out>
  </testcase>
  <testcase name="submitOrder[msd712@gmail.com, Qwerty@123, ADIDAS](2)" classname="practise.Framework.StandAloneTest" time="4.87">
    <system-out><![CDATA[Let's Shop
1
683ecde581a20695305c7fd4
]]></system-out>
    <system-err><![CDATA[Jun 03, 2025 3:56:40 PM org.openqa.selenium.devtools.CdpVersionFinder findNearestMatch
WARNING: Unable to find an exact match for CDP version 137, returning the closest version; found: 136; Please update to a Selenium version that supports CDP version 137
]]></system-err>
  </testcase>
  <testcase name="order_info[msd7@gmail.com, Qwerty@123, ZARA](1)" classname="practise.Framework.StandAloneTest" time="0.774">
    <system-out><![CDATA[683ecdde81a20695305c7fb1
]]></system-out>
    <system-err><![CDATA[Jun 03, 2025 3:56:47 PM org.openqa.selenium.devtools.CdpVersionFinder findNearestMatch
WARNING: Unable to find an exact match for CDP version 137, returning the closest version; found: 136; Please update to a Selenium version that supports CDP version 137
]]></system-err>
  </testcase>
  <testcase name="order_info[msd712@gmail.com, Qwerty@123, ADIDAS](2)" classname="practise.Framework.StandAloneTest" time="0.453">
    <system-out><![CDATA[683ecde581a20695305c7fd4
]]></system-out>
    <system-err><![CDATA[Jun 03, 2025 3:56:49 PM org.openqa.selenium.devtools.CdpVersionFinder findNearestMatch
WARNING: Unable to find an exact match for CDP version 137, returning the closest version; found: 136; Please update to a Selenium version that supports CDP version 137
]]></system-err>
  </testcase>
</testsuite>