<?xml version="1.0" encoding="UTF-8"?>
<testng-results ignored="0" total="6" passed="6" failed="0" skipped="0">
  <reporter-output>
  </reporter-output>
  <suite started-at="2025-06-03T15:56:21 IST" name="Suite" finished-at="2025-06-03T15:56:51 IST" duration-ms="30558">
    <groups>
      <group name="MakeOrder">
        <method signature="StandAloneTest.submitOrder(java.lang.String,java.lang.String,java.lang.String)[pri:0, instance:practise.Framework.StandAloneTest@4b14c583]" name="submitOrder" class="practise.Framework.StandAloneTest"/>
        <method signature="StandAloneTest.order_info(java.lang.String,java.lang.String,java.lang.String)[pri:0, instance:practise.Framework.StandAloneTest@4b14c583]" name="order_info" class="practise.Framework.StandAloneTest"/>
      </group> <!-- MakeOrder -->
    </groups>
    <test started-at="2025-06-03T15:56:21 IST" name="Test for ErrorValidation" finished-at="2025-06-03T15:56:37 IST" duration-ms="16039">
      <class name="practise.Framework.ErrorValidations">
        <test-method is-config="true" signature="launchApp()[pri:0, instance:practise.Framework.ErrorValidations@50eac852]" started-at="2025-06-03T15:56:21 IST" name="launchApp" finished-at="2025-06-03T15:56:33 IST" duration-ms="12581" status="PASS">
          <reporter-output>
          </reporter-output>
        </test-method> <!-- launchApp -->
        <test-method signature="aerrorValidation()[pri:1, instance:practise.Framework.ErrorValidations@50eac852]" started-at="2025-06-03T15:56:33 IST" name="aerrorValidation" finished-at="2025-06-03T15:56:34 IST" duration-ms="1048" status="PASS">
          <reporter-output>
          </reporter-output>
        </test-method> <!-- aerrorValidation -->
        <test-method is-config="true" signature="closeSession()[pri:0, instance:practise.Framework.ErrorValidations@50eac852]" started-at="2025-06-03T15:56:34 IST" name="closeSession" finished-at="2025-06-03T15:56:34 IST" duration-ms="168" status="PASS">
          <reporter-output>
          </reporter-output>
        </test-method> <!-- closeSession -->
        <test-method is-config="true" signature="launchApp()[pri:0, instance:practise.Framework.ErrorValidations@50eac852]" started-at="2025-06-03T15:56:34 IST" name="launchApp" finished-at="2025-06-03T15:56:36 IST" duration-ms="1949" status="PASS">
          <reporter-output>
          </reporter-output>
        </test-method> <!-- launchApp -->
        <test-method signature="directLogin()[pri:2, instance:practise.Framework.ErrorValidations@50eac852]" started-at="2025-06-03T15:56:36 IST" name="directLogin" finished-at="2025-06-03T15:56:37 IST" duration-ms="161" status="PASS">
          <reporter-output>
          </reporter-output>
        </test-method> <!-- directLogin -->
        <test-method is-config="true" signature="closeSession()[pri:0, instance:practise.Framework.ErrorValidations@50eac852]" started-at="2025-06-03T15:56:37 IST" name="closeSession" finished-at="2025-06-03T15:56:37 IST" duration-ms="103" status="PASS">
          <reporter-output>
          </reporter-output>
        </test-method> <!-- closeSession -->
      </class> <!-- practise.Framework.ErrorValidations -->
    </test> <!-- Test for ErrorValidation -->
    <test started-at="2025-06-03T15:56:21 IST" name="Test for OrderSubmit" finished-at="2025-06-03T15:56:51 IST" duration-ms="30558">
      <class name="practise.Framework.StandAloneTest">
        <test-method is-config="true" signature="launchApp()[pri:0, instance:practise.Framework.StandAloneTest@4b14c583]" started-at="2025-06-03T15:56:21 IST" name="launchApp" finished-at="2025-06-03T15:56:33 IST" duration-ms="12662" status="PASS">
          <reporter-output>
          </reporter-output>
        </test-method> <!-- launchApp -->
        <test-method signature="submitOrder(java.lang.String,java.lang.String,java.lang.String)[pri:0, instance:practise.Framework.StandAloneTest@4b14c583]" started-at="2025-06-03T15:56:33 IST" name="submitOrder" data-provider="dataJson" finished-at="2025-06-03T15:56:38 IST" duration-ms="5071" status="PASS">
          <params>
            <param index="0">
              <value>
                <![CDATA[msd7@gmail.com]]>
              </value>
            </param>
            <param index="1">
              <value>
                <![CDATA[Qwerty@123]]>
              </value>
            </param>
            <param index="2">
              <value>
                <![CDATA[ZARA]]>
              </value>
            </param>
          </params>
          <reporter-output>
          </reporter-output>
        </test-method> <!-- submitOrder -->
        <test-method is-config="true" signature="closeSession()[pri:0, instance:practise.Framework.StandAloneTest@4b14c583]" started-at="2025-06-03T15:56:38 IST" name="closeSession" finished-at="2025-06-03T15:56:38 IST" duration-ms="118" status="PASS">
          <reporter-output>
          </reporter-output>
        </test-method> <!-- closeSession -->
        <test-method is-config="true" signature="launchApp()[pri:0, instance:practise.Framework.StandAloneTest@4b14c583]" started-at="2025-06-03T15:56:38 IST" name="launchApp" finished-at="2025-06-03T15:56:40 IST" duration-ms="1912" status="PASS">
          <reporter-output>
          </reporter-output>
        </test-method> <!-- launchApp -->
        <test-method signature="submitOrder(java.lang.String,java.lang.String,java.lang.String)[pri:0, instance:practise.Framework.StandAloneTest@4b14c583]" started-at="2025-06-03T15:56:40 IST" name="submitOrder" data-provider="dataJson" finished-at="2025-06-03T15:56:45 IST" duration-ms="4869" status="PASS">
          <params>
            <param index="0">
              <value>
                <![CDATA[msd712@gmail.com]]>
              </value>
            </param>
            <param index="1">
              <value>
                <![CDATA[Qwerty@123]]>
              </value>
            </param>
            <param index="2">
              <value>
                <![CDATA[ADIDAS]]>
              </value>
            </param>
          </params>
          <reporter-output>
          </reporter-output>
        </test-method> <!-- submitOrder -->
        <test-method is-config="true" signature="closeSession()[pri:0, instance:practise.Framework.StandAloneTest@4b14c583]" started-at="2025-06-03T15:56:45 IST" name="closeSession" finished-at="2025-06-03T15:56:45 IST" duration-ms="193" status="PASS">
          <reporter-output>
          </reporter-output>
        </test-method> <!-- closeSession -->
        <test-method is-config="true" signature="launchApp()[pri:0, instance:practise.Framework.StandAloneTest@4b14c583]" started-at="2025-06-03T15:56:45 IST" name="launchApp" finished-at="2025-06-03T15:56:47 IST" duration-ms="1843" status="PASS">
          <reporter-output>
          </reporter-output>
        </test-method> <!-- launchApp -->
        <test-method signature="order_info(java.lang.String,java.lang.String,java.lang.String)[pri:0, instance:practise.Framework.StandAloneTest@4b14c583]" started-at="2025-06-03T15:56:47 IST" name="order_info" data-provider="dataJson" finished-at="2025-06-03T15:56:48 IST" depends-on-methods="practise.Framework.StandAloneTest.submitOrder" duration-ms="773" status="PASS">
          <params>
            <param index="0">
              <value>
                <![CDATA[msd7@gmail.com]]>
              </value>
            </param>
            <param index="1">
              <value>
                <![CDATA[Qwerty@123]]>
              </value>
            </param>
            <param index="2">
              <value>
                <![CDATA[ZARA]]>
              </value>
            </param>
          </params>
          <reporter-output>
          </reporter-output>
        </test-method> <!-- order_info -->
        <test-method is-config="true" signature="closeSession()[pri:0, instance:practise.Framework.StandAloneTest@4b14c583]" started-at="2025-06-03T15:56:48 IST" name="closeSession" finished-at="2025-06-03T15:56:48 IST" duration-ms="199" status="PASS">
          <reporter-output>
          </reporter-output>
        </test-method> <!-- closeSession -->
        <test-method is-config="true" signature="launchApp()[pri:0, instance:practise.Framework.StandAloneTest@4b14c583]" started-at="2025-06-03T15:56:48 IST" name="launchApp" finished-at="2025-06-03T15:56:51 IST" duration-ms="2329" status="PASS">
          <reporter-output>
          </reporter-output>
        </test-method> <!-- launchApp -->
        <test-method signature="order_info(java.lang.String,java.lang.String,java.lang.String)[pri:0, instance:practise.Framework.StandAloneTest@4b14c583]" started-at="2025-06-03T15:56:51 IST" name="order_info" data-provider="dataJson" finished-at="2025-06-03T15:56:51 IST" depends-on-methods="practise.Framework.StandAloneTest.submitOrder" duration-ms="454" status="PASS">
          <params>
            <param index="0">
              <value>
                <![CDATA[msd712@gmail.com]]>
              </value>
            </param>
            <param index="1">
              <value>
                <![CDATA[Qwerty@123]]>
              </value>
            </param>
            <param index="2">
              <value>
                <![CDATA[ADIDAS]]>
              </value>
            </param>
          </params>
          <reporter-output>
          </reporter-output>
        </test-method> <!-- order_info -->
        <test-method is-config="true" signature="closeSession()[pri:0, instance:practise.Framework.StandAloneTest@4b14c583]" started-at="2025-06-03T15:56:51 IST" name="closeSession" finished-at="2025-06-03T15:56:51 IST" duration-ms="106" status="PASS">
          <reporter-output>
          </reporter-output>
        </test-method> <!-- closeSession -->
      </class> <!-- practise.Framework.StandAloneTest -->
    </test> <!-- Test for OrderSubmit -->
  </suite> <!-- Suite -->
</testng-results>
