<?xml version="1.0" encoding="UTF-8"?>
<!-- Generated by org.testng.reporters.JUnitXMLReporter -->
<testsuite ignored="0" hostname="Maheeps-MacBook-Air.local" failures="0" tests="5" name="Default test" time="19.219" errors="0" timestamp="2025-06-01T12:20:57 IST">
  <testcase classname="practise.Framework.StandAloneTest2_UsingJSON" name="submitOrder" time="3.939"/>
  <testcase classname="practise.Framework.StandAloneTest2_UsingJSON" name="submitOrder" time="4.461"/>
  <testcase classname="practise.Framework.StandAloneTest2_UsingJSON" name="order_info" time="0.4"/>
  <testcase classname="practise.Framework.StandAloneTest2_UsingJSON" name="order_info" time="0.393"/>
  <testcase classname="practise.Framework.StandAloneTest2_UsingJSON" name="message" time="0.001"/>
</testsuite> <!-- Default test -->
